<?xml version="1.0" encoding="UTF-8"?>
<testng-results skipped="0" failed="0" total="1" passed="1">
  <reporter-output>
  </reporter-output>
  <suite name="DriverFactory.AppTest" duration-ms="16591" started-at="2019-12-12T02:40:11Z" finished-at="2019-12-12T02:40:28Z">
    <groups>
    </groups>
    <test name="Command line test" duration-ms="16591" started-at="2019-12-12T02:40:11Z" finished-at="2019-12-12T02:40:28Z">
      <class name="DriverFactory.AppTest">
        <test-method status="PASS" signature="start()[pri:0, instance:DriverFactory.AppTest@2cb4c3ab]" name="start" duration-ms="16576" started-at="2019-12-12T08:10:11Z" finished-at="2019-12-12T08:10:28Z">
          <reporter-output>
          </reporter-output>
        </test-method> <!-- start -->
      </class> <!-- DriverFactory.AppTest -->
    </test> <!-- Command line test -->
  </suite> <!-- DriverFactory.AppTest -->
</testng-results>
